{"level":"info","message":"API Gateway is running on port 3000","service":"api-gateway","timestamp":"2025-11-03T21:08:06.019Z"}
{"level":"info","message":"Identity service is running on port http://localhost:3001","service":"api-gateway","timestamp":"2025-11-03T21:08:06.023Z"}
{"level":"info","message":"Redis Url redis://localhost:6379","service":"api-gateway","timestamp":"2025-11-03T21:08:06.024Z"}
{"level":"info","message":"API Gateway is running on port 3000","service":"api-gateway","timestamp":"2025-11-03T21:08:10.958Z"}
{"level":"info","message":"Identity service is running on port http://localhost:3001","service":"api-gateway","timestamp":"2025-11-03T21:08:10.965Z"}
{"level":"info","message":"Redis Url redis://localhost:6379","service":"api-gateway","timestamp":"2025-11-03T21:08:10.966Z"}
{"level":"info","message":"Received POST request to /v1/auth/register","service":"api-gateway","timestamp":"2025-11-03T21:12:29.251Z"}
{"level":"info","message":"Request body, [object Object]","service":"api-gateway","timestamp":"2025-11-03T21:12:29.252Z"}
{"level":"error","message":"Error: connect ECONNREFUSED 127.0.0.1:3001\n    at TCPConnectWrap.afterConnect [as oncomplete] (node:net:1637:16)","service":"api-gateway","timestamp":"2025-11-03T21:12:29.266Z"}
{"level":"info","message":"API Gateway is running on port 3000","service":"api-gateway","timestamp":"2025-11-03T21:13:40.340Z"}
{"level":"info","message":"Identity service is running on port http://localhost:3001","service":"api-gateway","timestamp":"2025-11-03T21:13:40.344Z"}
{"level":"info","message":"Redis Url redis://localhost:6379","service":"api-gateway","timestamp":"2025-11-03T21:13:40.345Z"}
{"level":"info","message":"Received POST request to /v1/auth/register","service":"api-gateway","timestamp":"2025-11-03T21:14:10.298Z"}
{"level":"info","message":"Request body, [object Object]","service":"api-gateway","timestamp":"2025-11-03T21:14:10.299Z"}
{"level":"error","message":"Proxy error: connect ECONNREFUSED 127.0.0.1:3001","service":"api-gateway","timestamp":"2025-11-03T21:14:10.315Z"}
{"level":"info","message":"Received POST request to /v1/auth/register","service":"api-gateway","timestamp":"2025-11-03T21:18:39.304Z"}
{"level":"info","message":"Request body, [object Object]","service":"api-gateway","timestamp":"2025-11-03T21:18:39.304Z"}
{"level":"info","message":"Response received from Identity service: 500","service":"api-gateway","timestamp":"2025-11-03T21:18:49.415Z"}
{"level":"info","message":"Received POST request to /v1/auth/register","service":"api-gateway","timestamp":"2025-11-03T21:19:38.358Z"}
{"level":"info","message":"Request body, [object Object]","service":"api-gateway","timestamp":"2025-11-03T21:19:38.359Z"}
{"level":"info","message":"Response received from Identity service: 400","service":"api-gateway","timestamp":"2025-11-03T21:19:38.627Z"}
{"level":"info","message":"Received POST request to /v1/auth/register","service":"api-gateway","timestamp":"2025-11-03T21:20:11.139Z"}
{"level":"info","message":"Request body, [object Object]","service":"api-gateway","timestamp":"2025-11-03T21:20:11.139Z"}
{"level":"info","message":"Response received from Identity service: 500","service":"api-gateway","timestamp":"2025-11-03T21:20:11.858Z"}
{"level":"info","message":"Received POST request to /v1/auth/register","service":"api-gateway","timestamp":"2025-11-03T21:20:56.341Z"}
{"level":"info","message":"Request body, [object Object]","service":"api-gateway","timestamp":"2025-11-03T21:20:56.341Z"}
{"level":"info","message":"Response received from Identity service: 400","service":"api-gateway","timestamp":"2025-11-03T21:20:56.542Z"}
