{"level":"info","message":"Identity service running on port 3002","service":"post-service","timestamp":"2025-11-04T22:57:21.852Z"}
{"level":"info","message":"Connected to mongodb","service":"post-service","timestamp":"2025-11-04T22:57:33.736Z"}
{"level":"info","message":"Identity service running on port 3002","service":"post-service","timestamp":"2025-11-05T13:33:15.682Z"}
{"level":"info","message":"Connected to mongodb","service":"post-service","timestamp":"2025-11-05T13:33:32.770Z"}
{"level":"info","message":"Received GET request to /api/posts/create-post","service":"post-service","timestamp":"2025-11-05T14:12:22.120Z"}
{"level":"info","message":"Request body, [object Object]","service":"post-service","timestamp":"2025-11-05T14:12:22.121Z"}
{"level":"info","message":"Received POST request to /api/posts/create-post","service":"post-service","timestamp":"2025-11-05T14:12:26.751Z"}
{"level":"info","message":"Request body, [object Object]","service":"post-service","timestamp":"2025-11-05T14:12:26.752Z"}
{"level":"info","message":"create post endpoint hit..","service":"post-service","timestamp":"2025-11-05T14:12:26.753Z"}
{"level":"error","message":"Error creating post: newPost.save is not a function","service":"post-service","stack":"TypeError: newPost.save is not a function\n    at createPost (file:///home/enisco29/Desktop/my-projects/micro_service_social_media/post-service/src/controllers/postController.js:14:19)\n    at Layer.handleRequest (/home/enisco29/Desktop/my-projects/micro_service_social_media/post-service/node_modules/router/lib/layer.js:152:17)\n    at next (/home/enisco29/Desktop/my-projects/micro_service_social_media/post-service/node_modules/router/lib/route.js:157:13)\n    at Route.dispatch (/home/enisco29/Desktop/my-projects/micro_service_social_media/post-service/node_modules/router/lib/route.js:117:3)\n    at handle (/home/enisco29/Desktop/my-projects/micro_service_social_media/post-service/node_modules/router/index.js:435:11)\n    at Layer.handleRequest (/home/enisco29/Desktop/my-projects/micro_service_social_media/post-service/node_modules/router/lib/layer.js:152:17)\n    at /home/enisco29/Desktop/my-projects/micro_service_social_media/post-service/node_modules/router/index.js:295:15\n    at processParams (/home/enisco29/Desktop/my-projects/micro_service_social_media/post-service/node_modules/router/index.js:582:12)\n    at next (/home/enisco29/Desktop/my-projects/micro_service_social_media/post-service/node_modules/router/index.js:291:5)\n    at autheticatedRequest (file:///home/enisco29/Desktop/my-projects/micro_service_social_media/post-service/src/middlewares/authMiddleware.js:15:3)","timestamp":"2025-11-05T14:12:26.754Z"}
{"level":"info","message":"Identity service running on port 3002","service":"post-service","timestamp":"2025-11-05T14:18:42.342Z"}
{"level":"info","message":"Connected to mongodb","service":"post-service","timestamp":"2025-11-05T14:18:59.204Z"}
{"level":"info","message":"Identity service running on port 3002","service":"post-service","timestamp":"2025-11-05T14:20:13.388Z"}
{"level":"info","message":"Connected to mongodb","service":"post-service","timestamp":"2025-11-05T14:20:30.217Z"}
{"level":"info","message":"Received POST request to /api/posts/create-post","service":"post-service","timestamp":"2025-11-05T14:21:50.787Z"}
{"level":"info","message":"Request body, [object Object]","service":"post-service","timestamp":"2025-11-05T14:21:50.788Z"}
{"level":"info","message":"Create post endpoint hit...","service":"post-service","timestamp":"2025-11-05T14:21:50.790Z"}
{"level":"info","message":"Identity service running on port 3002","service":"post-service","timestamp":"2025-11-05T14:25:11.995Z"}
{"level":"info","message":"Identity service running on port 3002","service":"post-service","timestamp":"2025-11-05T14:29:04.942Z"}
{"level":"info","message":"Connected to mongodb","service":"post-service","timestamp":"2025-11-05T14:29:22.362Z"}
{"level":"info","message":"Received POST request to /api/posts/create-post","service":"post-service","timestamp":"2025-11-05T14:30:16.678Z"}
{"level":"info","message":"Request body, [object Object]","service":"post-service","timestamp":"2025-11-05T14:30:16.679Z"}
{"level":"info","message":"Create post endpoint hit...","service":"post-service","timestamp":"2025-11-05T14:30:16.680Z"}
{"0":"\"","1":"c","10":"i","11":"s","12":" ","13":"r","14":"e","15":"q","16":"u","17":"i","18":"r","19":"e","2":"o","20":"d","3":"n","4":"t","5":"e","6":"n","7":"t","8":"\"","9":" ","level":"warn","message":"Validation error","service":"post-service","timestamp":"2025-11-05T14:30:16.688Z"}
{"level":"info","message":"Received POST request to /api/posts/create-post","service":"post-service","timestamp":"2025-11-05T14:31:12.409Z"}
{"level":"info","message":"Request body, [object Object]","service":"post-service","timestamp":"2025-11-05T14:31:12.410Z"}
{"level":"info","message":"Create post endpoint hit...","service":"post-service","timestamp":"2025-11-05T14:31:12.411Z"}
{"_message":"Post validation failed","errors":{"user":{"kind":"required","message":"Path `user` is required.","name":"ValidatorError","path":"user","properties":{"message":"Path `user` is required.","path":"user","type":"required"}}},"level":"error","message":"Error creating post: Post validation failed: user: Path `user` is required.","service":"post-service","stack":"ValidationError: Post validation failed: user: Path `user` is required.\n    at Document.invalidate (/home/enisco29/Desktop/my-projects/micro_service_social_media/post-service/node_modules/mongoose/lib/document.js:3362:32)\n    at /home/enisco29/Desktop/my-projects/micro_service_social_media/post-service/node_modules/mongoose/lib/document.js:3123:17\n    at /home/enisco29/Desktop/my-projects/micro_service_social_media/post-service/node_modules/mongoose/lib/schemaType.js:1420:9\n    at process.processTicksAndRejections (node:internal/process/task_queues:85:11)","timestamp":"2025-11-05T14:31:12.435Z"}
{"level":"info","message":"Received POST request to /api/posts/create-post","service":"post-service","timestamp":"2025-11-05T14:33:07.216Z"}
{"level":"info","message":"Request body, [object Object]","service":"post-service","timestamp":"2025-11-05T14:33:07.216Z"}
{"level":"info","message":"Create post endpoint hit...","service":"post-service","timestamp":"2025-11-05T14:33:07.217Z"}
{"_message":"Post validation failed","errors":{"user":{"kind":"required","message":"Path `user` is required.","name":"ValidatorError","path":"user","properties":{"message":"Path `user` is required.","path":"user","type":"required"}}},"level":"error","message":"Error creating post: Post validation failed: user: Path `user` is required.","service":"post-service","stack":"ValidationError: Post validation failed: user: Path `user` is required.\n    at Document.invalidate (/home/enisco29/Desktop/my-projects/micro_service_social_media/post-service/node_modules/mongoose/lib/document.js:3362:32)\n    at /home/enisco29/Desktop/my-projects/micro_service_social_media/post-service/node_modules/mongoose/lib/document.js:3123:17\n    at /home/enisco29/Desktop/my-projects/micro_service_social_media/post-service/node_modules/mongoose/lib/schemaType.js:1420:9\n    at process.processTicksAndRejections (node:internal/process/task_queues:85:11)","timestamp":"2025-11-05T14:33:07.222Z"}
{"level":"info","message":"Identity service running on port 3002","service":"post-service","timestamp":"2025-11-05T14:38:26.278Z"}
{"level":"info","message":"Connected to mongodb","service":"post-service","timestamp":"2025-11-05T14:38:43.012Z"}
{"level":"info","message":"Identity service running on port 3002","service":"post-service","timestamp":"2025-11-05T14:38:59.994Z"}
{"level":"info","message":"Connected to mongodb","service":"post-service","timestamp":"2025-11-05T14:39:01.697Z"}
{"level":"info","message":"Identity service running on port 3002","service":"post-service","timestamp":"2025-11-05T14:39:22.364Z"}
{"level":"info","message":"Connected to mongodb","service":"post-service","timestamp":"2025-11-05T14:39:28.947Z"}
{"level":"info","message":"Received POST request to /api/posts/create-post","service":"post-service","timestamp":"2025-11-05T14:39:37.546Z"}
{"level":"info","message":"Request body, [object Object]","service":"post-service","timestamp":"2025-11-05T14:39:37.547Z"}
{"level":"info","message":"Create post endpoint hit...","service":"post-service","timestamp":"2025-11-05T14:39:37.549Z"}
{"buffer":{"data":[105,11,97,169,23,35,150,128,69,176,173,78],"type":"Buffer"},"level":"info","message":"Post created successfully","service":"post-service","timestamp":"2025-11-05T14:39:37.740Z"}
{"level":"info","message":"Received POST request to /api/posts/create-post","service":"post-service","timestamp":"2025-11-05T14:44:04.941Z"}
{"level":"info","message":"Request body, [object Object]","service":"post-service","timestamp":"2025-11-05T14:44:04.941Z"}
{"level":"info","message":"Create post endpoint hit...","service":"post-service","timestamp":"2025-11-05T14:44:04.942Z"}
{"buffer":{"data":[105,11,98,180,23,35,150,128,69,176,173,80],"type":"Buffer"},"level":"info","message":"Post created successfully","service":"post-service","timestamp":"2025-11-05T14:44:05.141Z"}
{"level":"info","message":"Identity service running on port 3002","service":"post-service","timestamp":"2025-11-05T14:44:55.612Z"}
{"level":"info","message":"Connected to mongodb","service":"post-service","timestamp":"2025-11-05T14:45:12.933Z"}
{"level":"info","message":"Received POST request to /api/posts/create-post","service":"post-service","timestamp":"2025-11-05T14:45:19.129Z"}
{"level":"info","message":"Request body, [object Object]","service":"post-service","timestamp":"2025-11-05T14:45:19.129Z"}
{"level":"info","message":"Create post endpoint hit...","service":"post-service","timestamp":"2025-11-05T14:45:19.135Z"}
{"buffer":{"data":[105,11,98,255,38,183,206,193,232,159,106,204],"type":"Buffer"},"level":"info","message":"Post created successfully","service":"post-service","timestamp":"2025-11-05T14:45:19.313Z"}
{"level":"info","message":"Received POST request to /api/posts/create-post","service":"post-service","timestamp":"2025-11-05T14:45:21.521Z"}
{"level":"info","message":"Request body, [object Object]","service":"post-service","timestamp":"2025-11-05T14:45:21.521Z"}
{"level":"info","message":"Create post endpoint hit...","service":"post-service","timestamp":"2025-11-05T14:45:21.523Z"}
{"buffer":{"data":[105,11,99,1,38,183,206,193,232,159,106,206],"type":"Buffer"},"level":"info","message":"Post created successfully","service":"post-service","timestamp":"2025-11-05T14:45:21.689Z"}
{"level":"info","message":"Received POST request to /api/posts/create-post","service":"post-service","timestamp":"2025-11-05T14:45:23.445Z"}
{"level":"info","message":"Request body, [object Object]","service":"post-service","timestamp":"2025-11-05T14:45:23.446Z"}
{"level":"info","message":"Create post endpoint hit...","service":"post-service","timestamp":"2025-11-05T14:45:23.448Z"}
{"buffer":{"data":[105,11,99,3,38,183,206,193,232,159,106,208],"type":"Buffer"},"level":"info","message":"Post created successfully","service":"post-service","timestamp":"2025-11-05T14:45:23.605Z"}
{"level":"info","message":"Received POST request to /api/posts/create-post","service":"post-service","timestamp":"2025-11-05T14:45:25.249Z"}
{"level":"info","message":"Request body, [object Object]","service":"post-service","timestamp":"2025-11-05T14:45:25.249Z"}
{"level":"info","message":"Create post endpoint hit...","service":"post-service","timestamp":"2025-11-05T14:45:25.253Z"}
{"buffer":{"data":[105,11,99,5,38,183,206,193,232,159,106,210],"type":"Buffer"},"level":"info","message":"Post created successfully","service":"post-service","timestamp":"2025-11-05T14:45:25.474Z"}
{"level":"info","message":"Received POST request to /api/posts/create-post","service":"post-service","timestamp":"2025-11-05T14:45:27.082Z"}
{"level":"info","message":"Request body, [object Object]","service":"post-service","timestamp":"2025-11-05T14:45:27.082Z"}
{"level":"info","message":"Create post endpoint hit...","service":"post-service","timestamp":"2025-11-05T14:45:27.085Z"}
{"buffer":{"data":[105,11,99,7,38,183,206,193,232,159,106,212],"type":"Buffer"},"level":"info","message":"Post created successfully","service":"post-service","timestamp":"2025-11-05T14:45:27.262Z"}
{"level":"info","message":"Received POST request to /api/posts/create-post","service":"post-service","timestamp":"2025-11-05T14:45:55.635Z"}
{"level":"info","message":"Request body, [object Object]","service":"post-service","timestamp":"2025-11-05T14:45:55.636Z"}
{"level":"warn","message":"Rate limit exceeded for IP: ::ffff:127.0.0.1 ","service":"post-service","timestamp":"2025-11-05T14:45:55.638Z"}
{"level":"info","message":"Received POST request to /api/posts/create-post","service":"post-service","timestamp":"2025-11-05T14:45:58.416Z"}
{"level":"info","message":"Request body, [object Object]","service":"post-service","timestamp":"2025-11-05T14:45:58.417Z"}
{"level":"warn","message":"Rate limit exceeded for IP: ::ffff:127.0.0.1 ","service":"post-service","timestamp":"2025-11-05T14:45:58.419Z"}
{"level":"info","message":"Received POST request to /api/posts/create-post","service":"post-service","timestamp":"2025-11-05T14:45:59.898Z"}
{"level":"info","message":"Request body, [object Object]","service":"post-service","timestamp":"2025-11-05T14:45:59.899Z"}
{"level":"warn","message":"Rate limit exceeded for IP: ::ffff:127.0.0.1 ","service":"post-service","timestamp":"2025-11-05T14:45:59.900Z"}
{"level":"info","message":"Received POST request to /api/posts/create-post","service":"post-service","timestamp":"2025-11-05T14:46:01.300Z"}
{"level":"info","message":"Request body, [object Object]","service":"post-service","timestamp":"2025-11-05T14:46:01.300Z"}
{"level":"warn","message":"Rate limit exceeded for IP: ::ffff:127.0.0.1 ","service":"post-service","timestamp":"2025-11-05T14:46:01.303Z"}
{"level":"info","message":"Identity service running on port 3002","service":"post-service","timestamp":"2025-11-05T14:49:31.536Z"}
{"level":"info","message":"Connected to mongodb","service":"post-service","timestamp":"2025-11-05T14:49:48.421Z"}
{"level":"info","message":"Identity service running on port 3002","service":"post-service","timestamp":"2025-11-05T14:50:04.141Z"}
{"level":"info","message":"Connected to mongodb","service":"post-service","timestamp":"2025-11-05T14:50:06.487Z"}
{"level":"info","message":"Received POST request to /api/posts/create-post","service":"post-service","timestamp":"2025-11-05T14:50:26.560Z"}
{"level":"info","message":"Request body, [object Object]","service":"post-service","timestamp":"2025-11-05T14:50:26.561Z"}
{"level":"info","message":"Create post endpoint hit...","service":"post-service","timestamp":"2025-11-05T14:50:26.566Z"}
{"buffer":{"data":[105,11,100,50,159,117,161,227,101,239,34,112],"type":"Buffer"},"level":"info","message":"Post created successfully","service":"post-service","timestamp":"2025-11-05T14:50:26.744Z"}
{"level":"info","message":"Identity service running on port 3002","service":"post-service","timestamp":"2025-11-05T16:05:30.715Z"}
{"level":"info","message":"Connected to mongodb","service":"post-service","timestamp":"2025-11-05T16:05:47.344Z"}
{"level":"info","message":"Identity service running on port 3002","service":"post-service","timestamp":"2025-11-05T16:10:16.618Z"}
{"level":"info","message":"Connected to mongodb","service":"post-service","timestamp":"2025-11-05T16:10:39.050Z"}
{"level":"info","message":"Identity service running on port 3002","service":"post-service","timestamp":"2025-11-05T16:11:52.203Z"}
{"level":"info","message":"Connected to mongodb","service":"post-service","timestamp":"2025-11-05T16:12:10.497Z"}
{"level":"info","message":"Identity service running on port 3002","service":"post-service","timestamp":"2025-11-05T16:13:01.218Z"}
{"level":"info","message":"Connected to mongodb","service":"post-service","timestamp":"2025-11-05T16:13:27.354Z"}
{"level":"info","message":"Identity service running on port 3002","service":"post-service","timestamp":"2025-11-05T16:14:19.718Z"}
{"level":"info","message":"Identity service running on port 3002","service":"post-service","timestamp":"2025-11-05T16:14:22.880Z"}
{"level":"info","message":"Identity service running on port 3002","service":"post-service","timestamp":"2025-11-05T16:14:26.022Z"}
{"level":"info","message":"Identity service running on port 3002","service":"post-service","timestamp":"2025-11-05T16:14:53.490Z"}
{"level":"info","message":"Connected to mongodb","service":"post-service","timestamp":"2025-11-05T16:15:35.486Z"}
{"level":"info","message":"Identity service running on port 3002","service":"post-service","timestamp":"2025-11-05T16:17:08.179Z"}
{"cause":{"commonWireVersion":0,"compatible":true,"heartbeatFrequencyMS":10000,"localThresholdMS":15,"logicalSessionTimeoutMinutes":null,"maxElectionId":null,"maxSetVersion":null,"servers":{"ac-oftryst-shard-00-00.mnljjja.mongodb.net:27017":{"$clusterTime":null,"address":"ac-oftryst-shard-00-00.mnljjja.mongodb.net:27017","arbiters":[],"electionId":null,"error":null,"hosts":[],"iscryptd":false,"lastUpdateTime":7462223,"lastWriteDate":0,"logicalSessionTimeoutMinutes":null,"maxBsonObjectSize":null,"maxMessageSizeBytes":null,"maxWireVersion":0,"maxWriteBatchSize":null,"me":null,"minRoundTripTime":0,"minWireVersion":0,"passives":[],"primary":null,"roundTripTime":-1,"setName":null,"setVersion":null,"tags":{},"topologyVersion":null,"type":"Unknown"},"ac-oftryst-shard-00-01.mnljjja.mongodb.net:27017":{"$clusterTime":null,"address":"ac-oftryst-shard-00-01.mnljjja.mongodb.net:27017","arbiters":[],"electionId":null,"error":null,"hosts":[],"iscryptd":false,"lastUpdateTime":7462223,"lastWriteDate":0,"logicalSessionTimeoutMinutes":null,"maxBsonObjectSize":null,"maxMessageSizeBytes":null,"maxWireVersion":0,"maxWriteBatchSize":null,"me":null,"minRoundTripTime":0,"minWireVersion":0,"passives":[],"primary":null,"roundTripTime":-1,"setName":null,"setVersion":null,"tags":{},"topologyVersion":null,"type":"Unknown"},"ac-oftryst-shard-00-02.mnljjja.mongodb.net:27017":{"$clusterTime":null,"address":"ac-oftryst-shard-00-02.mnljjja.mongodb.net:27017","arbiters":[],"electionId":null,"error":null,"hosts":[],"iscryptd":false,"lastUpdateTime":7462223,"lastWriteDate":0,"logicalSessionTimeoutMinutes":null,"maxBsonObjectSize":null,"maxMessageSizeBytes":null,"maxWireVersion":0,"maxWriteBatchSize":null,"me":null,"minRoundTripTime":0,"minWireVersion":0,"passives":[],"primary":null,"roundTripTime":-1,"setName":null,"setVersion":null,"tags":{},"topologyVersion":null,"type":"Unknown"}},"setName":"atlas-140ur2-shard-0","stale":false,"type":"ReplicaSetNoPrimary"},"errorLabelSet":{},"level":"error","message":"Could not connect to any servers in your MongoDB Atlas cluster. One common reason is that you're trying to access the database from an IP that isn't whitelisted. Make sure your current IP address is on your Atlas cluster's IP whitelist: https://www.mongodb.com/docs/atlas/security-whitelist/","reason":{"commonWireVersion":0,"compatible":true,"heartbeatFrequencyMS":10000,"localThresholdMS":15,"logicalSessionTimeoutMinutes":null,"maxElectionId":null,"maxSetVersion":null,"servers":{"ac-oftryst-shard-00-00.mnljjja.mongodb.net:27017":{"$clusterTime":null,"address":"ac-oftryst-shard-00-00.mnljjja.mongodb.net:27017","arbiters":[],"electionId":null,"error":null,"hosts":[],"iscryptd":false,"lastUpdateTime":7462223,"lastWriteDate":0,"logicalSessionTimeoutMinutes":null,"maxBsonObjectSize":null,"maxMessageSizeBytes":null,"maxWireVersion":0,"maxWriteBatchSize":null,"me":null,"minRoundTripTime":0,"minWireVersion":0,"passives":[],"primary":null,"roundTripTime":-1,"setName":null,"setVersion":null,"tags":{},"topologyVersion":null,"type":"Unknown"},"ac-oftryst-shard-00-01.mnljjja.mongodb.net:27017":{"$clusterTime":null,"address":"ac-oftryst-shard-00-01.mnljjja.mongodb.net:27017","arbiters":[],"electionId":null,"error":null,"hosts":[],"iscryptd":false,"lastUpdateTime":7462223,"lastWriteDate":0,"logicalSessionTimeoutMinutes":null,"maxBsonObjectSize":null,"maxMessageSizeBytes":null,"maxWireVersion":0,"maxWriteBatchSize":null,"me":null,"minRoundTripTime":0,"minWireVersion":0,"passives":[],"primary":null,"roundTripTime":-1,"setName":null,"setVersion":null,"tags":{},"topologyVersion":null,"type":"Unknown"},"ac-oftryst-shard-00-02.mnljjja.mongodb.net:27017":{"$clusterTime":null,"address":"ac-oftryst-shard-00-02.mnljjja.mongodb.net:27017","arbiters":[],"electionId":null,"error":null,"hosts":[],"iscryptd":false,"lastUpdateTime":7462223,"lastWriteDate":0,"logicalSessionTimeoutMinutes":null,"maxBsonObjectSize":null,"maxMessageSizeBytes":null,"maxWireVersion":0,"maxWriteBatchSize":null,"me":null,"minRoundTripTime":0,"minWireVersion":0,"passives":[],"primary":null,"roundTripTime":-1,"setName":null,"setVersion":null,"tags":{},"topologyVersion":null,"type":"Unknown"}},"setName":"atlas-140ur2-shard-0","stale":false,"type":"ReplicaSetNoPrimary"},"service":"post-service","stack":"MongooseServerSelectionError: Could not connect to any servers in your MongoDB Atlas cluster. One common reason is that you're trying to access the database from an IP that isn't whitelisted. Make sure your current IP address is on your Atlas cluster's IP whitelist: https://www.mongodb.com/docs/atlas/security-whitelist/\n    at _handleConnectionErrors (/home/enisco29/Desktop/my-projects/micro_service_social_media/post-service/node_modules/mongoose/lib/connection.js:1169:11)\n    at NativeConnection.openUri (/home/enisco29/Desktop/my-projects/micro_service_social_media/post-service/node_modules/mongoose/lib/connection.js:1100:11)","timestamp":"2025-11-05T16:17:46.807Z"}
{"level":"info","message":"Identity service running on port 3002","service":"post-service","timestamp":"2025-11-05T16:18:27.786Z"}
{"level":"info","message":"Identity service running on port 3002","service":"post-service","timestamp":"2025-11-05T16:18:37.540Z"}
{"level":"info","message":"Identity service running on port 3002","service":"post-service","timestamp":"2025-11-05T16:19:03.335Z"}
{"level":"info","message":"Connected to mongodb","service":"post-service","timestamp":"2025-11-05T16:19:14.980Z"}
{"level":"info","message":"Identity service running on port 3002","service":"post-service","timestamp":"2025-11-05T16:20:47.954Z"}
{"level":"info","message":"Connected to mongodb","service":"post-service","timestamp":"2025-11-05T16:21:04.773Z"}
{"level":"info","message":"Identity service running on port 3002","service":"post-service","timestamp":"2025-11-05T16:21:59.460Z"}
{"level":"info","message":"Identity service running on port 3002","service":"post-service","timestamp":"2025-11-05T16:22:14.053Z"}
{"level":"info","message":"Connected to mongodb","service":"post-service","timestamp":"2025-11-05T16:22:20.794Z"}
{"level":"info","message":"Identity service running on port 3002","service":"post-service","timestamp":"2025-11-05T16:24:54.328Z"}
{"level":"info","message":"Identity service running on port 3002","service":"post-service","timestamp":"2025-11-05T16:24:58.842Z"}
{"level":"info","message":"Connected to mongodb","service":"post-service","timestamp":"2025-11-05T16:25:12.992Z"}
{"level":"info","message":"Identity service running on port 3002","service":"post-service","timestamp":"2025-11-05T16:28:02.688Z"}
{"level":"info","message":"Connected to mongodb","service":"post-service","timestamp":"2025-11-05T16:28:21.309Z"}
{"level":"info","message":"Received GET request to /api/posts/post","service":"post-service","timestamp":"2025-11-05T16:28:31.565Z"}
{"level":"info","message":"Request body, [object Object]","service":"post-service","timestamp":"2025-11-05T16:28:31.566Z"}
{"level":"info","message":"Identity service running on port 3002","service":"post-service","timestamp":"2025-11-05T16:28:40.872Z"}
{"level":"info","message":"Connected to mongodb","service":"post-service","timestamp":"2025-11-05T16:28:43.673Z"}
{"level":"info","message":"Received GET request to /api/posts/post","service":"post-service","timestamp":"2025-11-05T16:28:50.784Z"}
{"level":"info","message":"Request body, [object Object]","service":"post-service","timestamp":"2025-11-05T16:28:50.784Z"}
{"level":"info","message":"Received GET request to /api/posts/all-posts","service":"post-service","timestamp":"2025-11-05T16:29:07.704Z"}
{"level":"info","message":"Request body, [object Object]","service":"post-service","timestamp":"2025-11-05T16:29:07.705Z"}
{"level":"info","message":"get posts endpoint hit..","service":"post-service","timestamp":"2025-11-05T16:29:07.706Z"}
{"level":"info","message":"Identity service running on port 3002","service":"post-service","timestamp":"2025-11-05T16:29:35.374Z"}
{"level":"info","message":"Connected to mongodb","service":"post-service","timestamp":"2025-11-05T16:29:50.147Z"}
{"level":"info","message":"Received GET request to /api/posts/all-posts","service":"post-service","timestamp":"2025-11-05T16:29:55.153Z"}
{"level":"info","message":"Request body, [object Object]","service":"post-service","timestamp":"2025-11-05T16:29:55.153Z"}
{"level":"info","message":"get posts endpoint hit..","service":"post-service","timestamp":"2025-11-05T16:29:55.157Z"}
{"level":"info","message":"Received GET request to /api/posts/all-posts","service":"post-service","timestamp":"2025-11-05T16:30:14.096Z"}
{"level":"info","message":"Request body, [object Object]","service":"post-service","timestamp":"2025-11-05T16:30:14.097Z"}
{"level":"info","message":"get posts endpoint hit..","service":"post-service","timestamp":"2025-11-05T16:30:14.098Z"}
{"level":"info","message":"Identity service running on port 3002","service":"post-service","timestamp":"2025-11-05T16:30:21.495Z"}
{"level":"info","message":"Connected to mongodb","service":"post-service","timestamp":"2025-11-05T16:30:36.405Z"}
{"level":"info","message":"Received GET request to /api/posts/all-posts","service":"post-service","timestamp":"2025-11-05T16:30:51.179Z"}
{"level":"info","message":"Request body, [object Object]","service":"post-service","timestamp":"2025-11-05T16:30:51.180Z"}
{"level":"info","message":"get posts endpoint hit..","service":"post-service","timestamp":"2025-11-05T16:30:51.182Z"}
{"level":"info","message":"Received GET request to /api/posts/all-posts","service":"post-service","timestamp":"2025-11-05T16:30:52.982Z"}
{"level":"info","message":"Request body, [object Object]","service":"post-service","timestamp":"2025-11-05T16:30:52.983Z"}
{"level":"info","message":"get posts endpoint hit..","service":"post-service","timestamp":"2025-11-05T16:30:52.984Z"}
{"level":"info","message":"Received GET request to /api/posts/all-posts","service":"post-service","timestamp":"2025-11-05T16:30:54.307Z"}
{"level":"info","message":"Request body, [object Object]","service":"post-service","timestamp":"2025-11-05T16:30:54.308Z"}
{"level":"info","message":"get posts endpoint hit..","service":"post-service","timestamp":"2025-11-05T16:30:54.308Z"}
{"level":"info","message":"Received GET request to /api/posts/all-posts","service":"post-service","timestamp":"2025-11-05T16:30:55.525Z"}
{"level":"info","message":"Request body, [object Object]","service":"post-service","timestamp":"2025-11-05T16:30:55.525Z"}
{"level":"info","message":"get posts endpoint hit..","service":"post-service","timestamp":"2025-11-05T16:30:55.526Z"}
{"level":"info","message":"Identity service running on port 3002","service":"post-service","timestamp":"2025-11-05T16:34:05.257Z"}
{"level":"info","message":"Connected to mongodb","service":"post-service","timestamp":"2025-11-05T16:34:41.859Z"}
{"level":"info","message":"Identity service running on port 3002","service":"post-service","timestamp":"2025-11-05T16:34:45.930Z"}
{"level":"info","message":"Connected to mongodb","service":"post-service","timestamp":"2025-11-05T16:34:48.172Z"}
{"level":"info","message":"Received GET request to /api/posts/all-posts","service":"post-service","timestamp":"2025-11-05T16:38:16.611Z"}
{"level":"info","message":"Request body, [object Object]","service":"post-service","timestamp":"2025-11-05T16:38:16.612Z"}
{"level":"info","message":"get posts endpoint hit..","service":"post-service","timestamp":"2025-11-05T16:38:16.614Z"}
{"level":"info","message":"Received GET request to /api/posts/all-posts","service":"post-service","timestamp":"2025-11-05T16:38:25.807Z"}
{"level":"info","message":"Request body, [object Object]","service":"post-service","timestamp":"2025-11-05T16:38:25.807Z"}
{"level":"info","message":"get posts endpoint hit..","service":"post-service","timestamp":"2025-11-05T16:38:25.810Z"}
{"level":"info","message":"Received GET request to /api/posts/all-posts","service":"post-service","timestamp":"2025-11-05T16:38:27.275Z"}
{"level":"info","message":"Request body, [object Object]","service":"post-service","timestamp":"2025-11-05T16:38:27.277Z"}
{"level":"info","message":"get posts endpoint hit..","service":"post-service","timestamp":"2025-11-05T16:38:27.278Z"}
{"level":"info","message":"Received GET request to /api/posts/all-posts","service":"post-service","timestamp":"2025-11-05T16:38:28.555Z"}
{"level":"info","message":"Request body, [object Object]","service":"post-service","timestamp":"2025-11-05T16:38:28.556Z"}
{"level":"info","message":"get posts endpoint hit..","service":"post-service","timestamp":"2025-11-05T16:38:28.557Z"}
{"level":"info","message":"Received POST request to /api/posts/create-post","service":"post-service","timestamp":"2025-11-05T16:39:15.510Z"}
{"level":"info","message":"Request body, [object Object]","service":"post-service","timestamp":"2025-11-05T16:39:15.510Z"}
{"level":"info","message":"Create post endpoint hit...","service":"post-service","timestamp":"2025-11-05T16:39:15.515Z"}
{"buffer":{"data":[105,11,125,179,110,139,181,90,128,166,45,4],"type":"Buffer"},"level":"info","message":"Post created successfully","service":"post-service","timestamp":"2025-11-05T16:39:15.740Z"}
{"level":"info","message":"Received GET request to /api/posts/all-posts","service":"post-service","timestamp":"2025-11-05T16:39:23.367Z"}
{"level":"info","message":"Request body, [object Object]","service":"post-service","timestamp":"2025-11-05T16:39:23.367Z"}
{"level":"info","message":"get posts endpoint hit..","service":"post-service","timestamp":"2025-11-05T16:39:23.368Z"}
{"level":"info","message":"Received GET request to /api/posts/all-posts","service":"post-service","timestamp":"2025-11-05T16:39:29.397Z"}
{"level":"info","message":"Request body, [object Object]","service":"post-service","timestamp":"2025-11-05T16:39:29.398Z"}
{"level":"info","message":"get posts endpoint hit..","service":"post-service","timestamp":"2025-11-05T16:39:29.398Z"}
{"level":"info","message":"Identity service running on port 3002","service":"post-service","timestamp":"2025-11-05T16:39:38.861Z"}
{"level":"info","message":"Connected to mongodb","service":"post-service","timestamp":"2025-11-05T16:39:56.154Z"}
{"level":"info","message":"Received GET request to /api/posts/all-posts","service":"post-service","timestamp":"2025-11-05T16:40:18.494Z"}
{"level":"info","message":"Request body, [object Object]","service":"post-service","timestamp":"2025-11-05T16:40:18.495Z"}
{"level":"info","message":"get posts endpoint hit..","service":"post-service","timestamp":"2025-11-05T16:40:18.496Z"}
{"level":"info","message":"Received POST request to /api/posts/create-post","service":"post-service","timestamp":"2025-11-05T16:40:25.742Z"}
{"level":"info","message":"Request body, [object Object]","service":"post-service","timestamp":"2025-11-05T16:40:25.742Z"}
{"level":"info","message":"Create post endpoint hit...","service":"post-service","timestamp":"2025-11-05T16:40:25.747Z"}
{"buffer":{"data":[105,11,125,249,161,53,46,224,29,45,198,169],"type":"Buffer"},"level":"info","message":"Post created successfully","service":"post-service","timestamp":"2025-11-05T16:40:25.949Z"}
{"level":"info","message":"Received GET request to /api/posts/all-posts","service":"post-service","timestamp":"2025-11-05T16:40:31.867Z"}
{"level":"info","message":"Request body, [object Object]","service":"post-service","timestamp":"2025-11-05T16:40:31.868Z"}
{"level":"info","message":"get posts endpoint hit..","service":"post-service","timestamp":"2025-11-05T16:40:31.868Z"}
{"level":"info","message":"Received GET request to /api/posts/all-posts","service":"post-service","timestamp":"2025-11-05T16:40:36.424Z"}
{"level":"info","message":"Request body, [object Object]","service":"post-service","timestamp":"2025-11-05T16:40:36.424Z"}
{"level":"info","message":"get posts endpoint hit..","service":"post-service","timestamp":"2025-11-05T16:40:36.425Z"}
{"level":"info","message":"Received GET request to /api/posts/all-posts","service":"post-service","timestamp":"2025-11-05T16:40:37.698Z"}
{"level":"info","message":"Request body, [object Object]","service":"post-service","timestamp":"2025-11-05T16:40:37.698Z"}
{"level":"info","message":"get posts endpoint hit..","service":"post-service","timestamp":"2025-11-05T16:40:37.699Z"}
{"level":"info","message":"Received POST request to /api/posts/create-post","service":"post-service","timestamp":"2025-11-05T16:40:57.714Z"}
{"level":"info","message":"Request body, [object Object]","service":"post-service","timestamp":"2025-11-05T16:40:57.715Z"}
{"level":"info","message":"Create post endpoint hit...","service":"post-service","timestamp":"2025-11-05T16:40:57.717Z"}
{"buffer":{"data":[105,11,126,25,161,53,46,224,29,45,198,173],"type":"Buffer"},"level":"info","message":"Post created successfully","service":"post-service","timestamp":"2025-11-05T16:40:57.882Z"}
{"level":"info","message":"Received GET request to /api/posts/all-posts","service":"post-service","timestamp":"2025-11-05T16:41:02.829Z"}
{"level":"info","message":"Request body, [object Object]","service":"post-service","timestamp":"2025-11-05T16:41:02.829Z"}
{"level":"info","message":"get posts endpoint hit..","service":"post-service","timestamp":"2025-11-05T16:41:02.829Z"}
{"level":"info","message":"Received GET request to /api/posts/all-posts","service":"post-service","timestamp":"2025-11-05T16:42:10.063Z"}
{"level":"info","message":"Request body, [object Object]","service":"post-service","timestamp":"2025-11-05T16:42:10.063Z"}
{"level":"info","message":"get posts endpoint hit..","service":"post-service","timestamp":"2025-11-05T16:42:10.063Z"}
