{"level":"info","message":"Identity service running on port 3001","service":"identity-service","timestamp":"2025-11-01T23:21:38.793Z"}
{"level":"info","message":"Connected to mongodb","service":"identity-service","timestamp":"2025-11-01T23:22:02.141Z"}
{"level":"info","message":"Identity service running on port 3001","service":"identity-service","timestamp":"2025-11-01T23:23:04.218Z"}
{"level":"info","message":"Identity service running on port 3001","service":"identity-service","timestamp":"2025-11-01T23:23:08.941Z"}
{"level":"info","message":"Connected to mongodb","service":"identity-service","timestamp":"2025-11-01T23:23:21.380Z"}
{"level":"info","message":"Received POST request to /api/auth/register","service":"identity-service","timestamp":"2025-11-01T23:52:55.018Z"}
{"level":"info","message":"Request body, [object Object]","service":"identity-service","timestamp":"2025-11-01T23:52:55.019Z"}
{"level":"error","message":"ReferenceError: reteLimiter is not defined\n    at file:///home/enisco29/Desktop/my-projects/micro_service_social_media/identity-service/src/server.js:41:3\n    at Layer.handleRequest (/home/enisco29/Desktop/my-projects/micro_service_social_media/identity-service/node_modules/router/lib/layer.js:152:17)\n    at trimPrefix (/home/enisco29/Desktop/my-projects/micro_service_social_media/identity-service/node_modules/router/index.js:342:13)\n    at /home/enisco29/Desktop/my-projects/micro_service_social_media/identity-service/node_modules/router/index.js:297:9\n    at processParams (/home/enisco29/Desktop/my-projects/micro_service_social_media/identity-service/node_modules/router/index.js:582:12)\n    at next (/home/enisco29/Desktop/my-projects/micro_service_social_media/identity-service/node_modules/router/index.js:291:5)\n    at file:///home/enisco29/Desktop/my-projects/micro_service_social_media/identity-service/src/server.js:29:3\n    at Layer.handleRequest (/home/enisco29/Desktop/my-projects/micro_service_social_media/identity-service/node_modules/router/lib/layer.js:152:17)\n    at trimPrefix (/home/enisco29/Desktop/my-projects/micro_service_social_media/identity-service/node_modules/router/index.js:342:13)\n    at /home/enisco29/Desktop/my-projects/micro_service_social_media/identity-service/node_modules/router/index.js:297:9","service":"identity-service","timestamp":"2025-11-01T23:52:55.020Z"}
{"level":"info","message":"Identity service running on port 3001","service":"identity-service","timestamp":"2025-11-01T23:54:11.243Z"}
{"level":"info","message":"Received POST request to /api/auth/register","service":"identity-service","timestamp":"2025-11-01T23:54:14.226Z"}
{"level":"info","message":"Request body, [object Object]","service":"identity-service","timestamp":"2025-11-01T23:54:14.226Z"}
{"level":"error","message":"TypeError: rateLimit.consume is not a function\n    at file:///home/enisco29/Desktop/my-projects/micro_service_social_media/identity-service/src/server.js:42:6\n    at Layer.handleRequest (/home/enisco29/Desktop/my-projects/micro_service_social_media/identity-service/node_modules/router/lib/layer.js:152:17)\n    at trimPrefix (/home/enisco29/Desktop/my-projects/micro_service_social_media/identity-service/node_modules/router/index.js:342:13)\n    at /home/enisco29/Desktop/my-projects/micro_service_social_media/identity-service/node_modules/router/index.js:297:9\n    at processParams (/home/enisco29/Desktop/my-projects/micro_service_social_media/identity-service/node_modules/router/index.js:582:12)\n    at next (/home/enisco29/Desktop/my-projects/micro_service_social_media/identity-service/node_modules/router/index.js:291:5)\n    at file:///home/enisco29/Desktop/my-projects/micro_service_social_media/identity-service/src/server.js:29:3\n    at Layer.handleRequest (/home/enisco29/Desktop/my-projects/micro_service_social_media/identity-service/node_modules/router/lib/layer.js:152:17)\n    at trimPrefix (/home/enisco29/Desktop/my-projects/micro_service_social_media/identity-service/node_modules/router/index.js:342:13)\n    at /home/enisco29/Desktop/my-projects/micro_service_social_media/identity-service/node_modules/router/index.js:297:9","service":"identity-service","timestamp":"2025-11-01T23:54:14.228Z"}
{"level":"info","message":"Connected to mongodb","service":"identity-service","timestamp":"2025-11-01T23:54:30.138Z"}
{"level":"info","message":"Identity service running on port 3001","service":"identity-service","timestamp":"2025-11-01T23:54:42.553Z"}
{"level":"info","message":"Connected to mongodb","service":"identity-service","timestamp":"2025-11-01T23:54:46.422Z"}
{"level":"info","message":"Received POST request to /api/auth/register","service":"identity-service","timestamp":"2025-11-01T23:55:00.025Z"}
{"level":"info","message":"Request body, [object Object]","service":"identity-service","timestamp":"2025-11-01T23:55:00.027Z"}
{"level":"info","message":"Registration endpoint hit..","service":"identity-service","timestamp":"2025-11-01T23:55:00.050Z"}
{"buffer":{"data":[105,6,157,212,126,53,250,97,74,215,227,183],"type":"Buffer"},"level":"warn","message":"User saved successfully","service":"identity-service","timestamp":"2025-11-01T23:55:00.518Z"}
{"level":"info","message":"Identity service running on port 3001","service":"identity-service","timestamp":"2025-11-01T23:56:01.243Z"}
{"level":"info","message":"Identity service running on port 3001","service":"identity-service","timestamp":"2025-11-01T23:56:17.315Z"}
{"level":"info","message":"Connected to mongodb","service":"identity-service","timestamp":"2025-11-01T23:56:28.822Z"}
